#
# There is insufficient memory for the Java Runtime Environment to continue.
# Native memory allocation (mmap) failed to map 65536 bytes. Error detail: Failed to commit metaspace.
# Possible reasons:
#   The system is out of physical RAM or swap space
#   This process is running with CompressedOops enabled, and the Java Heap may be blocking the growth of the native heap
# Possible solutions:
#   Reduce memory load on the system
#   Increase physical memory or swap space
#   Check if swap backing store is full
#   Decrease Java heap size (-Xmx/-Xms)
#   Decrease number of Java threads
#   Decrease Java thread stack sizes (-Xss)
#   Set larger code cache with -XX:ReservedCodeCacheSize=
#   JVM is running with Zero Based Compressed Oops mode in which the Java heap is
#     placed in the first 32GB address space. The Java Heap base address is the
#     maximum limit for the native heap growth. Please use -XX:HeapBaseMinAddress
#     to set the Java Heap base and to place the Java Heap above 32GB virtual address.
# This output file may be truncated or incomplete.
#
#  Out of Memory Error (virtualSpaceNode.cpp:113), pid=25848, tid=31272
#
# JRE version: OpenJDK Runtime Environment (23.0.2+7) (build 23.0.2+7-58)
# Java VM: OpenJDK 64-Bit Server VM (23.0.2+7-58, mixed mode, sharing, tiered, compressed oops, compressed class ptrs, g1 gc, windows-amd64)
# No core dump will be written. Minidumps are not enabled by default on client versions of Windows
#

---------------  S U M M A R Y ------------

Command Line: -javaagent:C:\Program Files\JetBrains\IntelliJ IDEA Community Edition 2024.3.5\lib\idea_rt.jar=11821 -Dfile.encoding=UTF-8 -Dsun.stdout.encoding=UTF-8 -Dsun.stderr.encoding=UTF-8 com.example.notificationservice.NotificationserviceApplication

Host: 13th Gen Intel(R) Core(TM) i5-13420H, 12 cores, 15G,  Windows 11 , 64 bit Build 26100 (10.0.26100.8521)
Time: Mon Jun 15 01:14:46 2026 Sri Lanka Standard Time elapsed time: 1.443721 seconds (0d 0h 0m 1s)

---------------  T H R E A D  ---------------

Current thread (0x0000017946295d10):  JavaThread "background-preinit"        [_thread_in_vm, id=31272, stack(0x00000019f5b00000,0x00000019f5c00000) (1024K)]

Stack: [0x00000019f5b00000,0x00000019f5c00000]
Native frames: (J=compiled Java code, j=interpreted, Vv=VM code, C=native code)
V  [jvm.dll+0x6e0b99]  (no source info available)
V  [jvm.dll+0x87e2b3]  (no source info available)
V  [jvm.dll+0x88073e]  (no source info available)
V  [jvm.dll+0x880e13]  (no source info available)
V  [jvm.dll+0x27b006]  (no source info available)
V  [jvm.dll+0x879ebe]  (no source info available)
V  [jvm.dll+0x6822f5]  (no source info available)
V  [jvm.dll+0x68235a]  (no source info available)
V  [jvm.dll+0x684b9a]  (no source info available)
V  [jvm.dll+0x221aec]  (no source info available)
V  [jvm.dll+0x682d0e]  (no source info available)
V  [jvm.dll+0x277cbd]  (no source info available)
V  [jvm.dll+0x278081]  (no source info available)
V  [jvm.dll+0x738d9f]  (no source info available)
V  [jvm.dll+0x739b8f]  (no source info available)
V  [jvm.dll+0x3c10f8]  (no source info available)
V  [jvm.dll+0x3bfef7]  (no source info available)
V  [jvm.dll+0x3bfe98]  (no source info available)
V  [jvm.dll+0x5e6279]  (no source info available)
V  [jvm.dll+0x5e51b4]  (no source info available)
V  [jvm.dll+0x3d5dbd]  (no source info available)
V  [jvm.dll+0x3d53bd]  (no source info available)
C  0x0000017965e39dbc  (no source info available)

The last pc belongs to invokestatic (printed below).
Java frames: (J=compiled Java code, j=interpreted, Vv=VM code)
j  javax.xml.transform.FactoryFinder.<clinit>()V+22 java.xml@23.0.2
v  ~StubRoutines::call_stub 0x0000017965e20fcd
j  javax.xml.transform.TransformerFactory.newInstance()Ljavax/xml/transform/TransformerFactory;+4 java.xml@23.0.2
j  org.springframework.http.converter.xml.AbstractXmlHttpMessageConverter.<init>()V+35
j  org.springframework.http.converter.xml.AbstractJaxb2HttpMessageConverter.<init>()V+1
j  org.springframework.http.converter.xml.Jaxb2RootElementHttpMessageConverter.<init>()V+1
j  org.springframework.http.converter.DefaultHttpMessageConverters$DefaultBuilder.detectMessageConverters()V+245
j  org.springframework.http.converter.DefaultHttpMessageConverters$DefaultClientBuilder.build()Lorg/springframework/http/converter/HttpMessageConverters;+20
j  org.springframework.http.converter.support.AllEncompassingFormHttpMessageConverter.<init>()V+15
j  org.springframework.boot.http.converter.autoconfigure.MessageConverterBackgroundPreinitializer.preinitialize()V+4
j  org.springframework.boot.autoconfigure.preinitialize.BackgroundPreinitializingApplicationListener$Runner.run()V+30
j  java.lang.Thread.runWith(Ljava/lang/Object;Ljava/lang/Runnable;)V+5 java.base@23.0.2
j  java.lang.Thread.run()V+19 java.base@23.0.2
v  ~StubRoutines::call_stub 0x0000017965e20fcd
Lock stack of current Java thread (top to bottom):
LockStack[0]: [I 
{0x0000000712c9ba40} - klass: {type array int}
 - length: 0

invokestatic  184 invokestatic  [0x0000017965e39d20, 0x0000017965e3a000]  736 bytes
[MachCode]
  0x0000017965e39d20: 4883 ec08 | c5fa 1104 | 24eb 1f48 | 83ec 10c5 | fb11 0424 | eb14 4883 | ec10 4889 | 0424 48c7 
  0x0000017965e39d40: 4424 0800 | 0000 00eb | 0150 488b | 4dd0 410f | b755 0148 | 8b49 306b | d218 488d | 4c11 080f 
  0x0000017965e39d60: b659 1681 | fbb8 0000 | 000f 84bd | 0000 00bb | b800 0000 | e805 0000 | 00e9 9900 | 0000 488b 
  0x0000017965e39d80: d348 8d44 | 2408 4c89 | 6dc0 498b | cfc5 f877 | 4989 afb0 | 0300 0049 | 8987 a003 | 0000 4883 
  0x0000017965e39da0: ec20 40f6 | c40f 0f84 | 1900 0000 | 4883 ec08 | 48b8 5053 | bd7a fd7f | 0000 ffd0 | 4883 c408 
  0x0000017965e39dc0: e90c 0000 | 0048 b850 | 53bd 7afd | 7f00 00ff | d048 83c4 | 2049 c787 | a003 0000 | 0000 0000 
  0x0000017965e39de0: 49c7 87b0 | 0300 0000 | 0000 0049 | c787 a803 | 0000 0000 | 0000 c5f8 | 7749 837f | 0800 0f84 
  0x0000017965e39e00: 0500 0000 | e9b7 70fe | ff4c 8b6d | c04c 8b75 | c84e 8d74 | f500 c348 | 8b4d d041 | 0fb7 5501 
  0x0000017965e39e20: 488b 4930 | 6bd2 1848 | 8d4c 1108 | 488b 1948 | 8b5b 0848 | 8b5b 0848 | 8b5b 1880 | bb31 0100 
  0x0000017965e39e40: 0004 0f84 | 0d00 0000 | 4c3b bb38 | 0100 000f | 851a ffff | ff0f b651 | 1548 8b19 | 4c89 6dc0 
  0x0000017965e39e60: 448b ea0f | b651 1449 | bae0 4448 | 7bfd 7f00 | 0049 8b14 | d252 418b | d54c 8b6d | c048 8b45 
  0x0000017965e39e80: d848 85c0 | 0f84 1200 | 0000 4883 | 4008 0148 | 8358 0800 | 4883 c010 | 4889 45d8 | 488b 45d8 
  0x0000017965e39ea0: 4885 c00f | 843d 0100 | 0080 78f0 | 0a0f 8533 | 0100 0048 | 83c0 084c | 8b68 f841 | 83ed 0041 
  0x0000017965e39ec0: 83fd 020f | 8c12 0100 | 004c 8b6b | 0845 0fb7 | 6d2e 4c2b | 2841 83ed | 014e 8b6c | ec08 4d85 
  0x0000017965e39ee0: ed75 0ef6 | 4008 0175 | 58f0 4883 | 4808 01eb | 5045 8b6d | 0849 ba00 | 0000 0079 | 0100 004d 
  0x0000017965e39f00: 03ea 4d8b | d54c 3368 | 0849 f7c5 | fcff ffff | 742f 41f6 | c502 7529 | 4883 7808 | 0074 1e48 
  0x0000017965e39f20: 8378 0801 | 7417 4d8b | ea4c 3368 | 0849 f7c5 | fcff ffff | 740b 4883 | 4808 02eb | 044c 8968 
  0x0000017965e39f40: 0848 83c0 | 104c 8b68 | e841 83ed | 0241 83fd | 020f 8c84 | 0000 004c | 8b6b 0845 | 0fb7 6d2e 
  0x0000017965e39f60: 4c2b 2841 | 83ed 014e | 8b6c ec08 | 4d85 ed75 | 0ef6 4008 | 0175 58f0 | 4883 4808 | 01eb 5045 
  0x0000017965e39f80: 8b6d 0849 | ba00 0000 | 0079 0100 | 004d 03ea | 4d8b d54c | 3368 0849 | f7c5 fcff | ffff 742f 
  0x0000017965e39fa0: 41f6 c502 | 7529 4883 | 7808 0074 | 1e48 8378 | 0801 7417 | 4d8b ea4c | 3368 0849 | f7c5 fcff 
  0x0000017965e39fc0: ffff 740b | 4883 4808 | 02eb 044c | 8968 0848 | 83c0 104c | 8b68 d841 | 83ed 0441 | c1e5 0349 
  0x0000017965e39fe0: 03c5 4889 | 45d8 4c8d | 6c24 0849 | 8bcd 482b | cd48 c1f9 | 0348 894d | f0ff 6350 | 0f1f 4000 
[/MachCode]

---------------  P R O C E S S  ---------------

Threads class SMR info:
_java_thread_list=0x0000017946212a60, length=15, elements={
0x0000017953c7d9c0, 0x0000017975a7d7b0, 0x0000017975a80220, 0x0000017975a83610,
0x0000017975a84070, 0x0000017975a84c00, 0x0000017975a85660, 0x0000017975a863f0,
0x0000017975a95500, 0x0000017975a4e890, 0x0000017945149630, 0x00000179453cdbf0,
0x00000179454dc130, 0x00000179456664e0, 0x0000017946295d10
}

Java Threads: ( => current thread )
  0x0000017953c7d9c0 JavaThread "main"                              [_thread_in_vm, id=38928, stack(0x00000019f4000000,0x00000019f4100000) (1024K)]
  0x0000017975a7d7b0 JavaThread "Reference Handler"          daemon [_thread_blocked, id=42784, stack(0x00000019f4800000,0x00000019f4900000) (1024K)]
  0x0000017975a80220 JavaThread "Finalizer"                  daemon [_thread_blocked, id=30756, stack(0x00000019f4900000,0x00000019f4a00000) (1024K)]
  0x0000017975a83610 JavaThread "Signal Dispatcher"          daemon [_thread_blocked, id=38276, stack(0x00000019f4a00000,0x00000019f4b00000) (1024K)]
  0x0000017975a84070 JavaThread "Attach Listener"            daemon [_thread_blocked, id=42156, stack(0x00000019f4b00000,0x00000019f4c00000) (1024K)]
  0x0000017975a84c00 JavaThread "Service Thread"             daemon [_thread_blocked, id=19352, stack(0x00000019f4c00000,0x00000019f4d00000) (1024K)]
  0x0000017975a85660 JavaThread "Monitor Deflation Thread"   daemon [_thread_blocked, id=21924, stack(0x00000019f4d00000,0x00000019f4e00000) (1024K)]
  0x0000017975a863f0 JavaThread "C2 CompilerThread0"         daemon [_thread_blocked, id=33832, stack(0x00000019f4e00000,0x00000019f4f00000) (1024K)]
  0x0000017975a95500 JavaThread "C1 CompilerThread0"         daemon [_thread_blocked, id=30224, stack(0x00000019f4f00000,0x00000019f5000000) (1024K)]
  0x0000017975a4e890 JavaThread "Common-Cleaner"             daemon [_thread_blocked, id=32044, stack(0x00000019f5000000,0x00000019f5100000) (1024K)]
  0x0000017945149630 JavaThread "C2 CompilerThread1"         daemon [_thread_blocked, id=14560, stack(0x00000019f5100000,0x00000019f5200000) (1024K)]
  0x00000179453cdbf0 JavaThread "C2 CompilerThread2"         daemon [_thread_in_native, id=37820, stack(0x00000019f5200000,0x00000019f5300000) (1024K)]
  0x00000179454dc130 JavaThread "Monitor Ctrl-Break"         daemon [_thread_in_native, id=6188, stack(0x00000019f5300000,0x00000019f5400000) (1024K)]
  0x00000179456664e0 JavaThread "Notification Thread"        daemon [_thread_blocked, id=38612, stack(0x00000019f5400000,0x00000019f5500000) (1024K)]
=>0x0000017946295d10 JavaThread "background-preinit"                [_thread_in_vm, id=31272, stack(0x00000019f5b00000,0x00000019f5c00000) (1024K)]
Total: 15

Other Threads:
  0x0000017975a60670 VMThread "VM Thread"                           [id=35692, stack(0x00000019f4700000,0x00000019f4800000) (1024K)]
  0x0000017975a4db40 WatcherThread "VM Periodic Task Thread"        [id=30012, stack(0x00000019f4600000,0x00000019f4700000) (1024K)]
  0x000001795622d8f0 WorkerThread "GC Thread#0"                     [id=42028, stack(0x00000019f4100000,0x00000019f4200000) (1024K)]
  0x00000179460a34f0 WorkerThread "GC Thread#1"                     [id=28564, stack(0x00000019f5500000,0x00000019f5600000) (1024K)]
  0x00000179460a38a0 WorkerThread "GC Thread#2"                     [id=9520, stack(0x00000019f5600000,0x00000019f5700000) (1024K)]
  0x000001794609abe0 WorkerThread "GC Thread#3"                     [id=7308, stack(0x00000019f5700000,0x00000019f5800000) (1024K)]
  0x000001794609af90 WorkerThread "GC Thread#4"                     [id=20156, stack(0x00000019f5800000,0x00000019f5900000) (1024K)]
  0x000001794609b340 WorkerThread "GC Thread#5"                     [id=6532, stack(0x00000019f5900000,0x00000019f5a00000) (1024K)]
  0x000001794609bee0 WorkerThread "GC Thread#6"                     [id=7628, stack(0x00000019f5a00000,0x00000019f5b00000) (1024K)]
  0x00000179462dffc0 WorkerThread "GC Thread#7"                     [id=25948, stack(0x00000019f5c00000,0x00000019f5d00000) (1024K)]
  0x00000179462df860 WorkerThread "GC Thread#8"                     [id=37968, stack(0x00000019f5d00000,0x00000019f5e00000) (1024K)]
  0x00000179462ded50 WorkerThread "GC Thread#9"                     [id=36948, stack(0x00000019f5e00000,0x00000019f5f00000) (1024K)]
  0x0000017956242270 ConcurrentGCThread "G1 Main Marker"            [id=37452, stack(0x00000019f4200000,0x00000019f4300000) (1024K)]
  0x0000017956243bb0 WorkerThread "G1 Conc#0"                       [id=38576, stack(0x00000019f4300000,0x00000019f4400000) (1024K)]
  0x0000017975910b00 ConcurrentGCThread "G1 Refine#0"               [id=35868, stack(0x00000019f4400000,0x00000019f4500000) (1024K)]
  0x0000017975911330 ConcurrentGCThread "G1 Service"                [id=13916, stack(0x00000019f4500000,0x00000019f4600000) (1024K)]
Total: 16

Threads with active compile tasks:
C2 CompilerThread2  1499 2351       4       java.util.zip.ZipFile$Source::getEntryPos (164 bytes)
Total: 1

VM state: not at safepoint (normal execution)

VM Mutex/Monitor currently owned by a thread:  ([mutex/lock_event])
[0x00007ffd7b472888] Metaspace_lock - owner thread: 0x0000017946295d10

Heap address: 0x0000000704a00000, size: 4022 MB, Compressed Oops mode: Zero based, Oop shift amount: 3

CDS archive(s) mapped at: [0x0000017900000000-0x0000017900d70000-0x0000017900d70000), size 14090240, SharedBaseAddress: 0x0000017900000000, ArchiveRelocationMode: 1.
Compressed class space mapped at: 0x0000017901000000-0x0000017941000000, reserved size: 1073741824
Narrow klass base: 0x0000017900000000, Narrow klass shift: 0, Narrow klass range: 0x41000000

GC Precious Log:
 CardTable entry size: 512
 Card Set container configuration: InlinePtr #cards 4 size 8 Array Of Cards #cards 16 size 48 Howl #buckets 8 coarsen threshold 3686 Howl Bitmap #cards 512 size 80 coarsen threshold 460 Card regions per heap region 1 cards per card region 4096
 CPUs: 12 total, 12 available
 Memory: 16087M
 Large Page Support: Disabled
 NUMA Support: Disabled
 Compressed Oops: Enabled (Zero based)
 Heap Region Size: 2M
 Heap Min Capacity: 8M
 Heap Initial Capacity: 252M
 Heap Max Capacity: 4022M
 Pre-touch: Disabled
 Parallel Workers: 10
 Concurrent Workers: 3
 Concurrent Refinement Workers: 10
 Periodic GC: Disabled

Heap:
 garbage-first heap   total reserved 4118528K, committed 258048K, used 29660K [0x0000000704a00000, 0x0000000800000000)
  region size 2048K, 13 young (26624K), 2 survivors (4096K)
 Metaspace       used 17979K, committed 18368K, reserved 1114112K
  class space    used 2311K, committed 2496K, reserved 1048576K

Heap Regions: E=young(eden), S=young(survivor), O=old, HS=humongous(starts), HC=humongous(continues), CS=collection set, F=free, TAMS=top-at-mark-start, PB=parsable bottom
|   0|0x0000000704a00000, 0x0000000704c00000, 0x0000000704c00000|100%| O|  |TAMS 0x0000000704a00000| PB 0x0000000704a00000| Untracked |  0
|   1|0x0000000704c00000, 0x0000000704e00000, 0x0000000704e00000|100%| O|  |TAMS 0x0000000704c00000| PB 0x0000000704c00000| Untracked |  0
|   2|0x0000000704e00000, 0x0000000705000000, 0x0000000705000000|100%| O|  |TAMS 0x0000000704e00000| PB 0x0000000704e00000| Untracked |  0
|   3|0x0000000705000000, 0x00000007050e5e18, 0x0000000705200000| 44%| O|  |TAMS 0x0000000705000000| PB 0x0000000705000000| Untracked |  0
|   4|0x0000000705200000, 0x0000000705200000, 0x0000000705400000|  0%| F|  |TAMS 0x0000000705200000| PB 0x0000000705200000| Untracked |  0
|   5|0x0000000705400000, 0x0000000705400000, 0x0000000705600000|  0%| F|  |TAMS 0x0000000705400000| PB 0x0000000705400000| Untracked |  0
|   6|0x0000000705600000, 0x0000000705600000, 0x0000000705800000|  0%| F|  |TAMS 0x0000000705600000| PB 0x0000000705600000| Untracked |  0
|   7|0x0000000705800000, 0x0000000705800000, 0x0000000705a00000|  0%| F|  |TAMS 0x0000000705800000| PB 0x0000000705800000| Untracked |  0
|   8|0x0000000705a00000, 0x0000000705a00000, 0x0000000705c00000|  0%| F|  |TAMS 0x0000000705a00000| PB 0x0000000705a00000| Untracked |  0
|   9|0x0000000705c00000, 0x0000000705c00000, 0x0000000705e00000|  0%| F|  |TAMS 0x0000000705c00000| PB 0x0000000705c00000| Untracked |  0
|  10|0x0000000705e00000, 0x0000000705e00000, 0x0000000706000000|  0%| F|  |TAMS 0x0000000705e00000| PB 0x0000000705e00000| Untracked |  0
|  11|0x0000000706000000, 0x0000000706000000, 0x0000000706200000|  0%| F|  |TAMS 0x0000000706000000| PB 0x0000000706000000| Untracked |  0
|  12|0x0000000706200000, 0x0000000706200000, 0x0000000706400000|  0%| F|  |TAMS 0x0000000706200000| PB 0x0000000706200000| Untracked |  0
|  13|0x0000000706400000, 0x0000000706400000, 0x0000000706600000|  0%| F|  |TAMS 0x0000000706400000| PB 0x0000000706400000| Untracked |  0
|  14|0x0000000706600000, 0x0000000706600000, 0x0000000706800000|  0%| F|  |TAMS 0x0000000706600000| PB 0x0000000706600000| Untracked |  0
|  15|0x0000000706800000, 0x0000000706800000, 0x0000000706a00000|  0%| F|  |TAMS 0x0000000706800000| PB 0x0000000706800000| Untracked |  0
|  16|0x0000000706a00000, 0x0000000706a00000, 0x0000000706c00000|  0%| F|  |TAMS 0x0000000706a00000| PB 0x0000000706a00000| Untracked |  0
|  17|0x0000000706c00000, 0x0000000706c00000, 0x0000000706e00000|  0%| F|  |TAMS 0x0000000706c00000| PB 0x0000000706c00000| Untracked |  0
|  18|0x0000000706e00000, 0x0000000706e00000, 0x0000000707000000|  0%| F|  |TAMS 0x0000000706e00000| PB 0x0000000706e00000| Untracked |  0
|  19|0x0000000707000000, 0x0000000707000000, 0x0000000707200000|  0%| F|  |TAMS 0x0000000707000000| PB 0x0000000707000000| Untracked |  0
|  20|0x0000000707200000, 0x0000000707200000, 0x0000000707400000|  0%| F|  |TAMS 0x0000000707200000| PB 0x0000000707200000| Untracked |  0
|  21|0x0000000707400000, 0x0000000707400000, 0x0000000707600000|  0%| F|  |TAMS 0x0000000707400000| PB 0x0000000707400000| Untracked |  0
|  22|0x0000000707600000, 0x0000000707600000, 0x0000000707800000|  0%| F|  |TAMS 0x0000000707600000| PB 0x0000000707600000| Untracked |  0
|  23|0x0000000707800000, 0x0000000707800000, 0x0000000707a00000|  0%| F|  |TAMS 0x0000000707800000| PB 0x0000000707800000| Untracked |  0
|  24|0x0000000707a00000, 0x0000000707a00000, 0x0000000707c00000|  0%| F|  |TAMS 0x0000000707a00000| PB 0x0000000707a00000| Untracked |  0
|  25|0x0000000707c00000, 0x0000000707c00000, 0x0000000707e00000|  0%| F|  |TAMS 0x0000000707c00000| PB 0x0000000707c00000| Untracked |  0
|  26|0x0000000707e00000, 0x0000000707e00000, 0x0000000708000000|  0%| F|  |TAMS 0x0000000707e00000| PB 0x0000000707e00000| Untracked |  0
|  27|0x0000000708000000, 0x0000000708000000, 0x0000000708200000|  0%| F|  |TAMS 0x0000000708000000| PB 0x0000000708000000| Untracked |  0
|  28|0x0000000708200000, 0x0000000708200000, 0x0000000708400000|  0%| F|  |TAMS 0x0000000708200000| PB 0x0000000708200000| Untracked |  0
|  29|0x0000000708400000, 0x0000000708400000, 0x0000000708600000|  0%| F|  |TAMS 0x0000000708400000| PB 0x0000000708400000| Untracked |  0
|  30|0x0000000708600000, 0x0000000708600000, 0x0000000708800000|  0%| F|  |TAMS 0x0000000708600000| PB 0x0000000708600000| Untracked |  0
|  31|0x0000000708800000, 0x0000000708800000, 0x0000000708a00000|  0%| F|  |TAMS 0x0000000708800000| PB 0x0000000708800000| Untracked |  0
|  32|0x0000000708a00000, 0x0000000708a00000, 0x0000000708c00000|  0%| F|  |TAMS 0x0000000708a00000| PB 0x0000000708a00000| Untracked |  0
|  33|0x0000000708c00000, 0x0000000708c00000, 0x0000000708e00000|  0%| F|  |TAMS 0x0000000708c00000| PB 0x0000000708c00000| Untracked |  0
|  34|0x0000000708e00000, 0x0000000708e00000, 0x0000000709000000|  0%| F|  |TAMS 0x0000000708e00000| PB 0x0000000708e00000| Untracked |  0
|  35|0x0000000709000000, 0x0000000709000000, 0x0000000709200000|  0%| F|  |TAMS 0x0000000709000000| PB 0x0000000709000000| Untracked |  0
|  36|0x0000000709200000, 0x0000000709200000, 0x0000000709400000|  0%| F|  |TAMS 0x0000000709200000| PB 0x0000000709200000| Untracked |  0
|  37|0x0000000709400000, 0x0000000709400000, 0x0000000709600000|  0%| F|  |TAMS 0x0000000709400000| PB 0x0000000709400000| Untracked |  0
|  38|0x0000000709600000, 0x0000000709600000, 0x0000000709800000|  0%| F|  |TAMS 0x0000000709600000| PB 0x0000000709600000| Untracked |  0
|  39|0x0000000709800000, 0x0000000709800000, 0x0000000709a00000|  0%| F|  |TAMS 0x0000000709800000| PB 0x0000000709800000| Untracked |  0
|  40|0x0000000709a00000, 0x0000000709a00000, 0x0000000709c00000|  0%| F|  |TAMS 0x0000000709a00000| PB 0x0000000709a00000| Untracked |  0
|  41|0x0000000709c00000, 0x0000000709c00000, 0x0000000709e00000|  0%| F|  |TAMS 0x0000000709c00000| PB 0x0000000709c00000| Untracked |  0
|  42|0x0000000709e00000, 0x0000000709e00000, 0x000000070a000000|  0%| F|  |TAMS 0x0000000709e00000| PB 0x0000000709e00000| Untracked |  0
|  43|0x000000070a000000, 0x000000070a000000, 0x000000070a200000|  0%| F|  |TAMS 0x000000070a000000| PB 0x000000070a000000| Untracked |  0
|  44|0x000000070a200000, 0x000000070a200000, 0x000000070a400000|  0%| F|  |TAMS 0x000000070a200000| PB 0x000000070a200000| Untracked |  0
|  45|0x000000070a400000, 0x000000070a400000, 0x000000070a600000|  0%| F|  |TAMS 0x000000070a400000| PB 0x000000070a400000| Untracked |  0
|  46|0x000000070a600000, 0x000000070a600000, 0x000000070a800000|  0%| F|  |TAMS 0x000000070a600000| PB 0x000000070a600000| Untracked |  0
|  47|0x000000070a800000, 0x000000070a800000, 0x000000070aa00000|  0%| F|  |TAMS 0x000000070a800000| PB 0x000000070a800000| Untracked |  0
|  48|0x000000070aa00000, 0x000000070aa00000, 0x000000070ac00000|  0%| F|  |TAMS 0x000000070aa00000| PB 0x000000070aa00000| Untracked |  0
|  49|0x000000070ac00000, 0x000000070ac00000, 0x000000070ae00000|  0%| F|  |TAMS 0x000000070ac00000| PB 0x000000070ac00000| Untracked |  0
|  50|0x000000070ae00000, 0x000000070ae00000, 0x000000070b000000|  0%| F|  |TAMS 0x000000070ae00000| PB 0x000000070ae00000| Untracked |  0
|  51|0x000000070b000000, 0x000000070b000000, 0x000000070b200000|  0%| F|  |TAMS 0x000000070b000000| PB 0x000000070b000000| Untracked |  0
|  52|0x000000070b200000, 0x000000070b200000, 0x000000070b400000|  0%| F|  |TAMS 0x000000070b200000| PB 0x000000070b200000| Untracked |  0
|  53|0x000000070b400000, 0x000000070b400000, 0x000000070b600000|  0%| F|  |TAMS 0x000000070b400000| PB 0x000000070b400000| Untracked |  0
|  54|0x000000070b600000, 0x000000070b600000, 0x000000070b800000|  0%| F|  |TAMS 0x000000070b600000| PB 0x000000070b600000| Untracked |  0
|  55|0x000000070b800000, 0x000000070b800000, 0x000000070ba00000|  0%| F|  |TAMS 0x000000070b800000| PB 0x000000070b800000| Untracked |  0
|  56|0x000000070ba00000, 0x000000070ba00000, 0x000000070bc00000|  0%| F|  |TAMS 0x000000070ba00000| PB 0x000000070ba00000| Untracked |  0
|  57|0x000000070bc00000, 0x000000070bc00000, 0x000000070be00000|  0%| F|  |TAMS 0x000000070bc00000| PB 0x000000070bc00000| Untracked |  0
|  58|0x000000070be00000, 0x000000070be00000, 0x000000070c000000|  0%| F|  |TAMS 0x000000070be00000| PB 0x000000070be00000| Untracked |  0
|  59|0x000000070c000000, 0x000000070c000000, 0x000000070c200000|  0%| F|  |TAMS 0x000000070c000000| PB 0x000000070c000000| Untracked |  0
|  60|0x000000070c200000, 0x000000070c200000, 0x000000070c400000|  0%| F|  |TAMS 0x000000070c200000| PB 0x000000070c200000| Untracked |  0
|  61|0x000000070c400000, 0x000000070c400000, 0x000000070c600000|  0%| F|  |TAMS 0x000000070c400000| PB 0x000000070c400000| Untracked |  0
|  62|0x000000070c600000, 0x000000070c600000, 0x000000070c800000|  0%| F|  |TAMS 0x000000070c600000| PB 0x000000070c600000| Untracked |  0
|  63|0x000000070c800000, 0x000000070c800000, 0x000000070ca00000|  0%| F|  |TAMS 0x000000070c800000| PB 0x000000070c800000| Untracked |  0
|  64|0x000000070ca00000, 0x000000070ca00000, 0x000000070cc00000|  0%| F|  |TAMS 0x000000070ca00000| PB 0x000000070ca00000| Untracked |  0
|  65|0x000000070cc00000, 0x000000070cc00000, 0x000000070ce00000|  0%| F|  |TAMS 0x000000070cc00000| PB 0x000000070cc00000| Untracked |  0
|  66|0x000000070ce00000, 0x000000070ce00000, 0x000000070d000000|  0%| F|  |TAMS 0x000000070ce00000| PB 0x000000070ce00000| Untracked |  0
|  67|0x000000070d000000, 0x000000070d000000, 0x000000070d200000|  0%| F|  |TAMS 0x000000070d000000| PB 0x000000070d000000| Untracked |  0
|  68|0x000000070d200000, 0x000000070d200000, 0x000000070d400000|  0%| F|  |TAMS 0x000000070d200000| PB 0x000000070d200000| Untracked |  0
|  69|0x000000070d400000, 0x000000070d400000, 0x000000070d600000|  0%| F|  |TAMS 0x000000070d400000| PB 0x000000070d400000| Untracked |  0
|  70|0x000000070d600000, 0x000000070d600000, 0x000000070d800000|  0%| F|  |TAMS 0x000000070d600000| PB 0x000000070d600000| Untracked |  0
|  71|0x000000070d800000, 0x000000070d800000, 0x000000070da00000|  0%| F|  |TAMS 0x000000070d800000| PB 0x000000070d800000| Untracked |  0
|  72|0x000000070da00000, 0x000000070da00000, 0x000000070dc00000|  0%| F|  |TAMS 0x000000070da00000| PB 0x000000070da00000| Untracked |  0
|  73|0x000000070dc00000, 0x000000070dc00000, 0x000000070de00000|  0%| F|  |TAMS 0x000000070dc00000| PB 0x000000070dc00000| Untracked |  0
|  74|0x000000070de00000, 0x000000070de00000, 0x000000070e000000|  0%| F|  |TAMS 0x000000070de00000| PB 0x000000070de00000| Untracked |  0
|  75|0x000000070e000000, 0x000000070e000000, 0x000000070e200000|  0%| F|  |TAMS 0x000000070e000000| PB 0x000000070e000000| Untracked |  0
|  76|0x000000070e200000, 0x000000070e200000, 0x000000070e400000|  0%| F|  |TAMS 0x000000070e200000| PB 0x000000070e200000| Untracked |  0
|  77|0x000000070e400000, 0x000000070e400000, 0x000000070e600000|  0%| F|  |TAMS 0x000000070e400000| PB 0x000000070e400000| Untracked |  0
|  78|0x000000070e600000, 0x000000070e600000, 0x000000070e800000|  0%| F|  |TAMS 0x000000070e600000| PB 0x000000070e600000| Untracked |  0
|  79|0x000000070e800000, 0x000000070e800000, 0x000000070ea00000|  0%| F|  |TAMS 0x000000070e800000| PB 0x000000070e800000| Untracked |  0
|  80|0x000000070ea00000, 0x000000070ea00000, 0x000000070ec00000|  0%| F|  |TAMS 0x000000070ea00000| PB 0x000000070ea00000| Untracked |  0
|  81|0x000000070ec00000, 0x000000070ec00000, 0x000000070ee00000|  0%| F|  |TAMS 0x000000070ec00000| PB 0x000000070ec00000| Untracked |  0
|  82|0x000000070ee00000, 0x000000070ee00000, 0x000000070f000000|  0%| F|  |TAMS 0x000000070ee00000| PB 0x000000070ee00000| Untracked |  0
|  83|0x000000070f000000, 0x000000070f000000, 0x000000070f200000|  0%| F|  |TAMS 0x000000070f000000| PB 0x000000070f000000| Untracked |  0
|  84|0x000000070f200000, 0x000000070f200000, 0x000000070f400000|  0%| F|  |TAMS 0x000000070f200000| PB 0x000000070f200000| Untracked |  0
|  85|0x000000070f400000, 0x000000070f400000, 0x000000070f600000|  0%| F|  |TAMS 0x000000070f400000| PB 0x000000070f400000| Untracked |  0
|  86|0x000000070f600000, 0x000000070f600000, 0x000000070f800000|  0%| F|  |TAMS 0x000000070f600000| PB 0x000000070f600000| Untracked |  0
|  87|0x000000070f800000, 0x000000070f800000, 0x000000070fa00000|  0%| F|  |TAMS 0x000000070f800000| PB 0x000000070f800000| Untracked |  0
|  88|0x000000070fa00000, 0x000000070fa00000, 0x000000070fc00000|  0%| F|  |TAMS 0x000000070fa00000| PB 0x000000070fa00000| Untracked |  0
|  89|0x000000070fc00000, 0x000000070fc00000, 0x000000070fe00000|  0%| F|  |TAMS 0x000000070fc00000| PB 0x000000070fc00000| Untracked |  0
|  90|0x000000070fe00000, 0x000000070fe00000, 0x0000000710000000|  0%| F|  |TAMS 0x000000070fe00000| PB 0x000000070fe00000| Untracked |  0
|  91|0x0000000710000000, 0x0000000710000000, 0x0000000710200000|  0%| F|  |TAMS 0x0000000710000000| PB 0x0000000710000000| Untracked |  0
|  92|0x0000000710200000, 0x0000000710200000, 0x0000000710400000|  0%| F|  |TAMS 0x0000000710200000| PB 0x0000000710200000| Untracked |  0
|  93|0x0000000710400000, 0x0000000710400000, 0x0000000710600000|  0%| F|  |TAMS 0x0000000710400000| PB 0x0000000710400000| Untracked |  0
|  94|0x0000000710600000, 0x0000000710600000, 0x0000000710800000|  0%| F|  |TAMS 0x0000000710600000| PB 0x0000000710600000| Untracked |  0
|  95|0x0000000710800000, 0x0000000710800000, 0x0000000710a00000|  0%| F|  |TAMS 0x0000000710800000| PB 0x0000000710800000| Untracked |  0
|  96|0x0000000710a00000, 0x0000000710a00000, 0x0000000710c00000|  0%| F|  |TAMS 0x0000000710a00000| PB 0x0000000710a00000| Untracked |  0
|  97|0x0000000710c00000, 0x0000000710c00000, 0x0000000710e00000|  0%| F|  |TAMS 0x0000000710c00000| PB 0x0000000710c00000| Untracked |  0
|  98|0x0000000710e00000, 0x0000000710e00000, 0x0000000711000000|  0%| F|  |TAMS 0x0000000710e00000| PB 0x0000000710e00000| Untracked |  0
|  99|0x0000000711000000, 0x0000000711000000, 0x0000000711200000|  0%| F|  |TAMS 0x0000000711000000| PB 0x0000000711000000| Untracked |  0
| 100|0x0000000711200000, 0x0000000711200000, 0x0000000711400000|  0%| F|  |TAMS 0x0000000711200000| PB 0x0000000711200000| Untracked |  0
| 101|0x0000000711400000, 0x0000000711400000, 0x0000000711600000|  0%| F|  |TAMS 0x0000000711400000| PB 0x0000000711400000| Untracked |  0
| 102|0x0000000711600000, 0x0000000711600000, 0x0000000711800000|  0%| F|  |TAMS 0x0000000711600000| PB 0x0000000711600000| Untracked |  0
| 103|0x0000000711800000, 0x0000000711800000, 0x0000000711a00000|  0%| F|  |TAMS 0x0000000711800000| PB 0x0000000711800000| Untracked |  0
| 104|0x0000000711a00000, 0x0000000711a00000, 0x0000000711c00000|  0%| F|  |TAMS 0x0000000711a00000| PB 0x0000000711a00000| Untracked |  0
| 105|0x0000000711c00000, 0x0000000711c00000, 0x0000000711e00000|  0%| F|  |TAMS 0x0000000711c00000| PB 0x0000000711c00000| Untracked |  0
| 106|0x0000000711e00000, 0x0000000711e00000, 0x0000000712000000|  0%| F|  |TAMS 0x0000000711e00000| PB 0x0000000711e00000| Untracked |  0
| 107|0x0000000712000000, 0x0000000712000000, 0x0000000712200000|  0%| F|  |TAMS 0x0000000712000000| PB 0x0000000712000000| Untracked |  0
| 108|0x0000000712200000, 0x0000000712200000, 0x0000000712400000|  0%| F|  |TAMS 0x0000000712200000| PB 0x0000000712200000| Untracked |  0
| 109|0x0000000712400000, 0x0000000712400000, 0x0000000712600000|  0%| F|  |TAMS 0x0000000712400000| PB 0x0000000712400000| Untracked |  0
| 110|0x0000000712600000, 0x0000000712600000, 0x0000000712800000|  0%| F|  |TAMS 0x0000000712600000| PB 0x0000000712600000| Untracked |  0
| 111|0x0000000712800000, 0x0000000712800000, 0x0000000712a00000|  0%| F|  |TAMS 0x0000000712800000| PB 0x0000000712800000| Untracked |  0
| 112|0x0000000712a00000, 0x0000000712a00000, 0x0000000712c00000|  0%| F|  |TAMS 0x0000000712a00000| PB 0x0000000712a00000| Untracked |  0
| 113|0x0000000712c00000, 0x0000000712ca7e40, 0x0000000712e00000| 32%| E|  |TAMS 0x0000000712c00000| PB 0x0000000712c00000| Complete |  0
| 114|0x0000000712e00000, 0x0000000712e11540, 0x0000000713000000|  3%| S|CS|TAMS 0x0000000712e00000| PB 0x0000000712e00000| Complete |  0
| 115|0x0000000713000000, 0x0000000713200000, 0x0000000713200000|100%| S|CS|TAMS 0x0000000713000000| PB 0x0000000713000000| Complete |  0
| 116|0x0000000713200000, 0x0000000713400000, 0x0000000713400000|100%| E|CS|TAMS 0x0000000713200000| PB 0x0000000713200000| Complete |  0
| 117|0x0000000713400000, 0x0000000713600000, 0x0000000713600000|100%| E|CS|TAMS 0x0000000713400000| PB 0x0000000713400000| Complete |  0
| 118|0x0000000713600000, 0x0000000713800000, 0x0000000713800000|100%| E|CS|TAMS 0x0000000713600000| PB 0x0000000713600000| Complete |  0
| 119|0x0000000713800000, 0x0000000713a00000, 0x0000000713a00000|100%| E|CS|TAMS 0x0000000713800000| PB 0x0000000713800000| Complete |  0
| 120|0x0000000713a00000, 0x0000000713c00000, 0x0000000713c00000|100%| E|CS|TAMS 0x0000000713a00000| PB 0x0000000713a00000| Complete |  0
| 121|0x0000000713c00000, 0x0000000713e00000, 0x0000000713e00000|100%| E|CS|TAMS 0x0000000713c00000| PB 0x0000000713c00000| Complete |  0
| 122|0x0000000713e00000, 0x0000000714000000, 0x0000000714000000|100%| E|CS|TAMS 0x0000000713e00000| PB 0x0000000713e00000| Complete |  0
| 123|0x0000000714000000, 0x0000000714200000, 0x0000000714200000|100%| E|CS|TAMS 0x0000000714000000| PB 0x0000000714000000| Complete |  0
| 124|0x0000000714200000, 0x0000000714400000, 0x0000000714400000|100%| E|CS|TAMS 0x0000000714200000| PB 0x0000000714200000| Complete |  0
| 125|0x0000000714400000, 0x0000000714600000, 0x0000000714600000|100%| E|CS|TAMS 0x0000000714400000| PB 0x0000000714400000| Complete |  0

Card table byte_map: [0x000001796e730000,0x000001796ef10000] _byte_map_base: 0x000001796af0b000

Marking Bits: (CMBitMap*) 0x000001795622df10
 Bits: [0x000001796ef10000, 0x0000017972de8000)

Polling page: 0x0000017953fc0000

Metaspace:

Usage:
  Non-class:     15.30 MB used.
      Class:      2.26 MB used.
       Both:     17.56 MB used.

Virtual space:
  Non-class space:       64.00 MB reserved,      15.50 MB ( 24%) committed,  1 nodes.
      Class space:        1.00 GB reserved,       2.44 MB ( <1%) committed,  1 nodes.
             Both:        1.06 GB reserved,      17.94 MB (  2%) committed. 

Chunk freelists:
   Non-Class:  352.00 KB
       Class:  13.52 MB
        Both:  13.86 MB

MaxMetaspaceSize: unlimited
CompressedClassSpaceSize: 1.00 GB
Initial GC threshold: 21.00 MB
Current GC threshold: 21.00 MB
CDS: on
 - commit_granule_bytes: 65536.
 - commit_granule_words: 8192.
 - virtual_space_node_default_size: 8388608.
 - enlarge_chunks_in_place: 1.
 - use_allocation_guard: 0.


Internal statistics:

num_allocs_failed_limit: 0.
num_arena_births: 440.
num_arena_deaths: 0.
num_vsnodes_births: 2.
num_vsnodes_deaths: 0.
num_space_committed: 287.
num_space_uncommitted: 0.
num_chunks_returned_to_freelist: 0.
num_chunks_taken_from_freelist: 1065.
num_chunk_merges: 0.
num_chunk_splits: 688.
num_chunks_enlarged: 467.
num_inconsistent_stats: 0.

CodeHeap 'non-profiled nmethods': size=120064Kb used=792Kb max_used=792Kb free=119271Kb
 bounds [0x00000179663b0000, 0x0000017966620000, 0x000001796d8f0000]
CodeHeap 'profiled nmethods': size=120000Kb used=3164Kb max_used=3164Kb free=116835Kb
 bounds [0x000001795e8f0000, 0x000001795ec10000, 0x0000017965e20000]
CodeHeap 'non-nmethods': size=5696Kb used=1459Kb max_used=1496Kb free=4237Kb
 bounds [0x0000017965e20000, 0x0000017966090000, 0x00000179663b0000]
CodeCache: size=245760Kb, used=5415Kb, max_used=5452Kb, free=240343Kb
 total_blobs=2902, nmethods=2350, adapters=457, full_count=0
Compilation: enabled, stopped_count=0, restarted_count=0

Compilation events (20 events):
Event: 1.418 Thread 0x0000017975a95500 nmethod 2345 0x000001795ec05388 code [0x000001795ec055a0, 0x000001795ec06048]
Event: 1.418 Thread 0x0000017975a95500 2346       3       java.util.ArrayDeque::addFirst (51 bytes)
Event: 1.418 Thread 0x0000017975a95500 nmethod 2346 0x000001795ec06108 code [0x000001795ec06260, 0x000001795ec066f0]
Event: 1.418 Thread 0x0000017975a95500 2347       3       java.util.ArrayDeque::add (7 bytes)
Event: 1.418 Thread 0x0000017975a95500 nmethod 2347 0x000001795ec06708 code [0x000001795ec06820, 0x000001795ec069e8]
Event: 1.421 Thread 0x0000017975a95500 2348       3       java.util.Collections::emptyMap (4 bytes)
Event: 1.421 Thread 0x0000017975a95500 nmethod 2348 0x000001795ec06a08 code [0x000001795ec06b20, 0x000001795ec06c18]
Event: 1.425 Thread 0x00000179453cdbf0 nmethod 2307 0x000001796646cd88 code [0x000001796646cf00, 0x000001796646db78]
Event: 1.425 Thread 0x0000017975a863f0 nmethod 2334 0x000001796646dc08 code [0x000001796646dd60, 0x000001796646e4e8]
Event: 1.426 Thread 0x0000017975a863f0 2300       4       java.lang.CharacterDataLatin1::digit (32 bytes)
Event: 1.427 Thread 0x00000179453cdbf0 2320       4       java.util.zip.ZipFile$Source::getEntryNext (9 bytes)
Event: 1.427 Thread 0x0000017975a863f0 nmethod 2300 0x000001796646e588 code [0x000001796646e6a0, 0x000001796646e7b0]
Event: 1.427 Thread 0x0000017975a863f0 2288       4       sun.util.locale.LocaleUtils::isAlpha (30 bytes)
Event: 1.428 Thread 0x00000179453cdbf0 nmethod 2320 0x000001796646e888 code [0x000001796646e980, 0x000001796646ea48]
Event: 1.428 Thread 0x0000017975a863f0 nmethod 2288 0x000001796646eb88 code [0x000001796646ec80, 0x000001796646ed18]
Event: 1.436 Thread 0x0000017975a95500 2350       3       java.lang.Thread::getContextClassLoader (30 bytes)
Event: 1.436 Thread 0x0000017975a95500 nmethod 2350 0x000001795ec06d08 code [0x000001795ec06e40, 0x000001795ec07098]
Event: 1.437 Thread 0x00000179453cdbf0 2351       4       java.util.zip.ZipFile$Source::getEntryPos (164 bytes)
Event: 1.439 Thread 0x0000017975a863f0 2352       4       java.util.ArrayDeque::inc (12 bytes)
Event: 1.439 Thread 0x0000017975a863f0 nmethod 2352 0x000001796646f408 code [0x000001796646f500, 0x000001796646f578]

GC Heap History (4 events):
Event: 0.735 GC heap before
{Heap before GC invocations=0 (full 0):
 garbage-first heap   total reserved 4118528K, committed 258048K, used 22528K [0x0000000704a00000, 0x0000000800000000)
  region size 2048K, 12 young (24576K), 0 survivors (0K)
 Metaspace       used 6933K, committed 7104K, reserved 1114112K
  class space    used 835K, committed 896K, reserved 1048576K
}
Event: 0.740 GC heap after
{Heap after GC invocations=1 (full 0):
 garbage-first heap   total reserved 4118528K, committed 258048K, used 6919K [0x0000000704a00000, 0x0000000800000000)
  region size 2048K, 2 young (4096K), 2 survivors (4096K)
 Metaspace       used 6933K, committed 7104K, reserved 1114112K
  class space    used 835K, committed 896K, reserved 1048576K
}
Event: 1.128 GC heap before
{Heap before GC invocations=1 (full 0):
 garbage-first heap   total reserved 4118528K, committed 258048K, used 25351K [0x0000000704a00000, 0x0000000800000000)
  region size 2048K, 12 young (24576K), 2 survivors (4096K)
 Metaspace       used 12447K, committed 12800K, reserved 1114112K
  class space    used 1580K, committed 1728K, reserved 1048576K
}
Event: 1.132 GC heap after
{Heap after GC invocations=2 (full 0):
 garbage-first heap   total reserved 4118528K, committed 258048K, used 9180K [0x0000000704a00000, 0x0000000800000000)
  region size 2048K, 2 young (4096K), 2 survivors (4096K)
 Metaspace       used 12447K, committed 12800K, reserved 1114112K
  class space    used 1580K, committed 1728K, reserved 1048576K
}

Dll operation events (10 events):
Event: 0.010 Loaded shared library C:\Users\User\.jdks\openjdk-23.0.2\bin\java.dll
Event: 0.046 Loaded shared library C:\Users\User\.jdks\openjdk-23.0.2\bin\jsvml.dll
Event: 0.134 Loaded shared library C:\Users\User\.jdks\openjdk-23.0.2\bin\zip.dll
Event: 0.139 Loaded shared library C:\Users\User\.jdks\openjdk-23.0.2\bin\instrument.dll
Event: 0.143 Loaded shared library C:\Users\User\.jdks\openjdk-23.0.2\bin\net.dll
Event: 0.145 Loaded shared library C:\Users\User\.jdks\openjdk-23.0.2\bin\nio.dll
Event: 0.148 Loaded shared library C:\Users\User\.jdks\openjdk-23.0.2\bin\zip.dll
Event: 0.220 Loaded shared library C:\Users\User\.jdks\openjdk-23.0.2\bin\extnet.dll
Event: 0.249 Loaded shared library C:\Users\User\.jdks\openjdk-23.0.2\bin\jimage.dll
Event: 1.405 Loaded shared library C:\Users\User\.jdks\openjdk-23.0.2\bin\sunmscapi.dll

Deoptimization events (20 events):
Event: 1.397 Thread 0x0000017953c7d9c0 Uncommon trap: trap_request=0xffffff45 fr.pc=0x0000017966440404 relative=0x0000000000000524
Event: 1.397 Thread 0x0000017953c7d9c0 Uncommon trap: reason=unstable_if action=reinterpret pc=0x0000017966440404 method=java.io.WinNTFileSystem.normalize(Ljava/lang/String;)Ljava/lang/String; @ 133 c2
Event: 1.397 Thread 0x0000017953c7d9c0 DEOPT PACKING pc=0x0000017966440404 sp=0x00000019f40fe190
Event: 1.397 Thread 0x0000017953c7d9c0 DEOPT UNPACKING pc=0x0000017965e74402 sp=0x00000019f40fe128 mode 2
Event: 1.397 Thread 0x0000017953c7d9c0 Uncommon trap: trap_request=0xffffff45 fr.pc=0x00000179663e5420 relative=0x00000000000008a0
Event: 1.397 Thread 0x0000017953c7d9c0 Uncommon trap: reason=unstable_if action=reinterpret pc=0x00000179663e5420 method=java.util.zip.ZipCoder.hash(Ljava/lang/String;)I @ 23 c2
Event: 1.397 Thread 0x0000017953c7d9c0 DEOPT PACKING pc=0x00000179663e5420 sp=0x00000019f40fe290
Event: 1.397 Thread 0x0000017953c7d9c0 DEOPT UNPACKING pc=0x0000017965e74402 sp=0x00000019f40fe140 mode 2
Event: 1.397 Thread 0x0000017953c7d9c0 Uncommon trap: trap_request=0xffffff45 fr.pc=0x00000179663e3c0c relative=0x000000000000064c
Event: 1.397 Thread 0x0000017953c7d9c0 Uncommon trap: reason=unstable_if action=reinterpret pc=0x00000179663e3c0c method=java.util.zip.ZipCoder.hash(Ljava/lang/String;)I @ 23 c2
Event: 1.397 Thread 0x0000017953c7d9c0 DEOPT PACKING pc=0x00000179663e3c0c sp=0x00000019f40fe220
Event: 1.397 Thread 0x0000017953c7d9c0 DEOPT UNPACKING pc=0x0000017965e74402 sp=0x00000019f40fe140 mode 2
Event: 1.397 Thread 0x0000017953c7d9c0 Uncommon trap: trap_request=0xffffff45 fr.pc=0x00000179663e1a28 relative=0x0000000000000348
Event: 1.397 Thread 0x0000017953c7d9c0 Uncommon trap: reason=unstable_if action=reinterpret pc=0x00000179663e1a28 method=java.util.zip.ZipCoder.hash(Ljava/lang/String;)I @ 23 c2
Event: 1.397 Thread 0x0000017953c7d9c0 DEOPT PACKING pc=0x00000179663e1a28 sp=0x00000019f40fe1b0
Event: 1.397 Thread 0x0000017953c7d9c0 DEOPT UNPACKING pc=0x0000017965e74402 sp=0x00000019f40fe138 mode 2
Event: 1.399 Thread 0x0000017953c7d9c0 Uncommon trap: trap_request=0xffffff45 fr.pc=0x00000179663c9d4c relative=0x000000000000004c
Event: 1.399 Thread 0x0000017953c7d9c0 Uncommon trap: reason=unstable_if action=reinterpret pc=0x00000179663c9d4c method=sun.nio.fs.WindowsPathParser.isSlash(C)Z @ 9 c2
Event: 1.399 Thread 0x0000017953c7d9c0 DEOPT PACKING pc=0x00000179663c9d4c sp=0x00000019f40fe3f0
Event: 1.399 Thread 0x0000017953c7d9c0 DEOPT UNPACKING pc=0x0000017965e74402 sp=0x00000019f40fe378 mode 2

Classes loaded (20 events):
Event: 1.440 Loading class sun/nio/ch/FileDispatcherImpl done
Event: 1.440 Loading class java/nio/channels/spi/AbstractInterruptibleChannel$1
Event: 1.440 Loading class javax/xml/transform/TransformerFactory
Event: 1.440 Loading class sun/nio/ch/Interruptible
Event: 1.440 Loading class javax/xml/transform/TransformerFactory done
Event: 1.440 Loading class sun/nio/ch/Interruptible done
Event: 1.440 Loading class javax/xml/transform/FactoryFinder
Event: 1.440 Loading class java/nio/channels/spi/AbstractInterruptibleChannel$1 done
Event: 1.440 Loading class sun/nio/ch/NativeThreadSet
Event: 1.440 Loading class sun/nio/ch/NativeThreadSet done
Event: 1.440 Loading class javax/xml/transform/FactoryFinder done
Event: 1.440 Loading class sun/nio/ch/FileChannelImpl$Closer
Event: 1.440 Loading class sun/nio/ch/FileChannelImpl$Closer done
Event: 1.440 Loading class jdk/xml/internal/SecuritySupport
Event: 1.440 Loading class java/nio/channels/Channels
Event: 1.440 Loading class java/nio/channels/Channels done
Event: 1.440 Loading class sun/nio/ch/Streams
Event: 1.440 Loading class sun/nio/ch/Streams done
Event: 1.440 Loading class sun/nio/ch/SocketChannelImpl
Event: 1.440 Loading class jdk/xml/internal/SecuritySupport done

Classes unloaded (0 events):
No events

Classes redefined (0 events):
No events

Internal exceptions (20 events):
Event: 0.914 Thread 0x0000017953c7d9c0 Exception <a 'java/lang/NoSuchMethodError'{0x0000000713eaf1b8}: 'java.lang.Object java.lang.invoke.DirectMethodHandle$Holder.invokeSpecial(java.lang.Object, java.lang.Object, java.lang.Object, java.lang.Object, int, java.lang.Object)'> (0x0000000713eaf1b8) 
thrown [s\open\src\hotspot\share\interpreter\linkResolver.cpp, line 796]
Event: 0.914 Thread 0x0000017953c7d9c0 Exception <a 'java/lang/NoSuchMethodError'{0x0000000713eb2a50}: 'java.lang.Object java.lang.invoke.Invokers$Holder.linkToTargetMethod(java.lang.Object, java.lang.Object, int, java.lang.Object, java.lang.Object)'> (0x0000000713eb2a50) 
thrown [s\open\src\hotspot\share\interpreter\linkResolver.cpp, line 796]
Event: 0.915 Thread 0x0000017953c7d9c0 Exception <a 'java/lang/NoSuchMethodError'{0x0000000713ebaf70}: 'int java.lang.invoke.DirectMethodHandle$Holder.invokeStatic(java.lang.Object, int, java.lang.Object, java.lang.Object)'> (0x0000000713ebaf70) 
thrown [s\open\src\hotspot\share\interpreter\linkResolver.cpp, line 796]
Event: 0.916 Thread 0x0000017953c7d9c0 Exception <a 'java/lang/NoSuchMethodError'{0x0000000713ec1f68}: 'java.lang.Object java.lang.invoke.DirectMethodHandle$Holder.newInvokeSpecial(java.lang.Object, int, java.lang.Object)'> (0x0000000713ec1f68) 
thrown [s\open\src\hotspot\share\interpreter\linkResolver.cpp, line 796]
Event: 0.916 Thread 0x0000017953c7d9c0 Exception <a 'java/lang/NoSuchMethodError'{0x0000000713ec69c0}: 'int java.lang.invoke.DirectMethodHandle$Holder.invokeSpecialIFC(java.lang.Object, java.lang.Object, java.lang.Object, java.lang.Object)'> (0x0000000713ec69c0) 
thrown [s\open\src\hotspot\share\interpreter\linkResolver.cpp, line 796]
Event: 0.936 Thread 0x0000017953c7d9c0 Exception <a 'java/lang/NoSuchMethodError'{0x0000000713f69068}: 'void java.lang.invoke.DirectMethodHandle$Holder.invokeInterface(java.lang.Object, java.lang.Object, java.lang.Object)'> (0x0000000713f69068) 
thrown [s\open\src\hotspot\share\interpreter\linkResolver.cpp, line 796]
Event: 0.955 Thread 0x0000017953c7d9c0 Exception <a 'java/lang/NoSuchMethodError'{0x0000000713fe6790}: 'void java.lang.invoke.DirectMethodHandle$Holder.invokeStaticInit(java.lang.Object, java.lang.Object, java.lang.Object)'> (0x0000000713fe6790) 
thrown [s\open\src\hotspot\share\interpreter\linkResolver.cpp, line 796]
Event: 0.960 Thread 0x0000017953c7d9c0 Exception <a 'java/lang/NoSuchMethodError'{0x0000000713c31258}: 'java.lang.Object java.lang.invoke.DirectMethodHandle$Holder.invokeVirtual(java.lang.Object, java.lang.Object, java.lang.Object)'> (0x0000000713c31258) 
thrown [s\open\src\hotspot\share\interpreter\linkResolver.cpp, line 796]
Event: 0.981 Thread 0x0000017953c7d9c0 Exception <a 'java/lang/NoSuchMethodError'{0x0000000713cee450}: 'void java.lang.invoke.DirectMethodHandle$Holder.invokeVirtual(java.lang.Object, java.lang.Object, java.lang.Object, java.lang.Object)'> (0x0000000713cee450) 
thrown [s\open\src\hotspot\share\interpreter\linkResolver.cpp, line 796]
Event: 1.051 Thread 0x0000017953c7d9c0 Exception <a 'java/lang/NoSuchMethodError'{0x0000000713b5cab8}: 'java.lang.reflect.Field[] java.lang.Class.getDeclaredFields(java.lang.Class)'> (0x0000000713b5cab8) 
thrown [s\open\src\hotspot\share\interpreter\linkResolver.cpp, line 796]
Event: 1.051 Thread 0x0000017953c7d9c0 Exception <a 'java/lang/NoSuchMethodError'{0x0000000713b614c8}: 'java.lang.Object java.lang.invoke.DirectMethodHandle$Holder.invokeStatic(java.lang.Object, java.lang.Object, int)'> (0x0000000713b614c8) 
thrown [s\open\src\hotspot\share\interpreter\linkResolver.cpp, line 796]
Event: 1.052 Thread 0x0000017953c7d9c0 Exception <a 'java/lang/NoSuchMethodError'{0x0000000713b6c450}: 'void java.lang.invoke.DelegatingMethodHandle$Holder.delegate(java.lang.Object, java.lang.Object, int, java.lang.Object)'> (0x0000000713b6c450) 
thrown [s\open\src\hotspot\share\interpreter\linkResolver.cpp, line 796]
Event: 1.064 Thread 0x0000017953c7d9c0 Exception <a 'java/lang/IncompatibleClassChangeError'{0x0000000713860100}: Found class java.lang.Object, but interface was expected> (0x0000000713860100) 
thrown [s\open\src\hotspot\share\interpreter\linkResolver.cpp, line 863]
Event: 1.288 Thread 0x0000017946295d10 Exception <a 'java/lang/NoSuchMethodError'{0x000000071383c6d0}: 'long java.lang.invoke.DirectMethodHandle$Holder.invokeSpecial(java.lang.Object, java.lang.Object)'> (0x000000071383c6d0) 
thrown [s\open\src\hotspot\share\interpreter\linkResolver.cpp, line 796]
Event: 1.291 Thread 0x0000017946295d10 Exception <a 'java/lang/NoSuchMethodError'{0x00000007138466b0}: 'long java.lang.invoke.DirectMethodHandle$Holder.invokeStatic(java.lang.Object, java.lang.Object)'> (0x00000007138466b0) 
thrown [s\open\src\hotspot\share\interpreter\linkResolver.cpp, line 796]
Event: 1.292 Thread 0x0000017946295d10 Exception <a 'java/lang/NoSuchMethodError'{0x00000007138497b0}: 'long java.lang.invoke.DirectMethodHandle$Holder.invokeStaticInit(java.lang.Object, java.lang.Object)'> (0x00000007138497b0) 
thrown [s\open\src\hotspot\share\interpreter\linkResolver.cpp, line 796]
Event: 1.295 Thread 0x0000017946295d10 Exception <a 'java/lang/NoSuchMethodError'{0x00000007138559b0}: 'long java.lang.invoke.DirectMethodHandle$Holder.invokeInterface(java.lang.Object, java.lang.Object)'> (0x00000007138559b0) 
thrown [s\open\src\hotspot\share\interpreter\linkResolver.cpp, line 796]
Event: 1.295 Thread 0x0000017946295d10 Exception <a 'java/lang/IncompatibleClassChangeError'{0x00000007138589d8}: Found class java.lang.Object, but interface was expected> (0x00000007138589d8) 
thrown [s\open\src\hotspot\share\interpreter\linkResolver.cpp, line 863]
Event: 1.400 Thread 0x0000017953c7d9c0 Exception <a 'java/lang/NoSuchMethodError'{0x00000007132d75c8}: 'int java.lang.invoke.DirectMethodHandle$Holder.invokeSpecial(java.lang.Object, java.lang.Object, java.lang.Object, java.lang.Object, java.lang.Object)'> (0x00000007132d75c8) 
thrown [s\open\src\hotspot\share\interpreter\linkResolver.cpp, line 796]
Event: 1.405 Thread 0x0000017953c7d9c0 Exception <a 'java/lang/NoSuchMethodError'{0x00000007132dfb38}: 'void java.lang.invoke.DirectMethodHandle$Holder.invokeVirtual(java.lang.Object, java.lang.Object)'> (0x00000007132dfb38) 
thrown [s\open\src\hotspot\share\interpreter\linkResolver.cpp, line 796]

VM Operations (20 events):
Event: 0.735 Executing VM operation: G1CollectForAllocation (G1 Evacuation Pause)
Event: 0.740 Executing VM operation: G1CollectForAllocation (G1 Evacuation Pause) done
Event: 1.037 Executing VM operation: HandshakeAllThreads (Deoptimize)
Event: 1.037 Executing VM operation: HandshakeAllThreads (Deoptimize) done
Event: 1.039 Executing VM operation: HandshakeAllThreads (Deoptimize)
Event: 1.039 Executing VM operation: HandshakeAllThreads (Deoptimize) done
Event: 1.040 Executing VM operation: HandshakeAllThreads (Deoptimize)
Event: 1.040 Executing VM operation: HandshakeAllThreads (Deoptimize) done
Event: 1.051 Executing VM operation: HandshakeAllThreads (Deoptimize)
Event: 1.051 Executing VM operation: HandshakeAllThreads (Deoptimize) done
Event: 1.128 Executing VM operation: G1CollectForAllocation (G1 Evacuation Pause)
Event: 1.132 Executing VM operation: G1CollectForAllocation (G1 Evacuation Pause) done
Event: 1.147 Executing VM operation: HandshakeAllThreads (Deoptimize)
Event: 1.164 Executing VM operation: HandshakeAllThreads (Deoptimize) done
Event: 1.302 Executing VM operation: HandshakeAllThreads (Deoptimize)
Event: 1.303 Executing VM operation: HandshakeAllThreads (Deoptimize) done
Event: 1.371 Executing VM operation: HandshakeAllThreads (Deoptimize)
Event: 1.371 Executing VM operation: HandshakeAllThreads (Deoptimize) done
Event: 1.380 Executing VM operation: HandshakeAllThreads (Deoptimize)
Event: 1.381 Executing VM operation: HandshakeAllThreads (Deoptimize) done

Memory protections (0 events):
No events

Nmethod flushes (0 events):
No events

Events (15 events):
Event: 0.024 Thread 0x0000017953c7d9c0 Thread added: 0x0000017953c7d9c0
Event: 0.041 Thread 0x0000017953c7d9c0 Thread added: 0x0000017975a7d7b0
Event: 0.041 Thread 0x0000017953c7d9c0 Thread added: 0x0000017975a80220
Event: 0.042 Thread 0x0000017953c7d9c0 Thread added: 0x0000017975a83610
Event: 0.042 Thread 0x0000017953c7d9c0 Thread added: 0x0000017975a84070
Event: 0.042 Thread 0x0000017953c7d9c0 Thread added: 0x0000017975a84c00
Event: 0.042 Thread 0x0000017953c7d9c0 Thread added: 0x0000017975a85660
Event: 0.043 Thread 0x0000017953c7d9c0 Thread added: 0x0000017975a863f0
Event: 0.043 Thread 0x0000017953c7d9c0 Thread added: 0x0000017975a95500
Event: 0.116 Thread 0x0000017953c7d9c0 Thread added: 0x0000017975a4e890
Event: 0.130 Thread 0x0000017975a863f0 Thread added: 0x0000017945149630
Event: 0.165 Thread 0x0000017945149630 Thread added: 0x00000179453cdbf0
Event: 0.210 Thread 0x0000017953c7d9c0 Thread added: 0x00000179454dc130
Event: 0.210 Thread 0x0000017953c7d9c0 Thread added: 0x00000179456664e0
Event: 1.047 Thread 0x0000017953c7d9c0 Thread added: 0x0000017946295d10


Dynamic libraries:
0x00007ff7231c0000 - 0x00007ff7231ce000 	C:\Users\User\.jdks\openjdk-23.0.2\bin\java.exe
0x00007ffe1c180000 - 0x00007ffe1c3e6000 	C:\WINDOWS\SYSTEM32\ntdll.dll
0x00007ffe1b5f0000 - 0x00007ffe1b6b9000 	C:\WINDOWS\System32\KERNEL32.DLL
0x00007ffe19800000 - 0x00007ffe19bfa000 	C:\WINDOWS\System32\KERNELBASE.dll
0x00007ffe19410000 - 0x00007ffe1955c000 	C:\WINDOWS\System32\ucrtbase.dll
0x00007ffe0e200000 - 0x00007ffe0e217000 	C:\Users\User\.jdks\openjdk-23.0.2\bin\jli.dll
0x00007ffddfdd0000 - 0x00007ffddfdeb000 	C:\Users\User\.jdks\openjdk-23.0.2\bin\VCRUNTIME140.dll
0x00007ffe1b1a0000 - 0x00007ffe1b367000 	C:\WINDOWS\System32\USER32.dll
0x00007ffe19cb0000 - 0x00007ffe19cd7000 	C:\WINDOWS\System32\win32u.dll
0x00007ffe02c80000 - 0x00007ffe02f12000 	C:\WINDOWS\WinSxS\amd64_microsoft.windows.common-controls_6595b64144ccf1df_6.0.26100.8521_none_3e08b75ce33403b3\COMCTL32.dll
0x00007ffe1c050000 - 0x00007ffe1c07b000 	C:\WINDOWS\System32\GDI32.dll
0x00007ffe19f00000 - 0x00007ffe19fa9000 	C:\WINDOWS\System32\msvcrt.dll
0x00007ffe19560000 - 0x00007ffe1968b000 	C:\WINDOWS\System32\gdi32full.dll
0x00007ffe19c00000 - 0x00007ffe19ca3000 	C:\WINDOWS\System32\msvcp_win.dll
0x00007ffe1bd10000 - 0x00007ffe1bd42000 	C:\WINDOWS\System32\IMM32.DLL
0x00007ffe13720000 - 0x00007ffe1372c000 	C:\Users\User\.jdks\openjdk-23.0.2\bin\vcruntime140_1.dll
0x00007ffdda460000 - 0x00007ffdda4ee000 	C:\Users\User\.jdks\openjdk-23.0.2\bin\msvcp140.dll
0x00007ffd7a800000 - 0x00007ffd7b550000 	C:\Users\User\.jdks\openjdk-23.0.2\bin\server\jvm.dll
0x00007ffe1bbd0000 - 0x00007ffe1bc86000 	C:\WINDOWS\System32\ADVAPI32.dll
0x00007ffe1acd0000 - 0x00007ffe1ad7a000 	C:\WINDOWS\System32\sechost.dll
0x00007ffe19fc0000 - 0x00007ffe1a0d8000 	C:\WINDOWS\System32\RPCRT4.dll
0x00007ffe1c0b0000 - 0x00007ffe1c130000 	C:\WINDOWS\System32\WS2_32.dll
0x00007ffe18c70000 - 0x00007ffe18cce000 	C:\WINDOWS\SYSTEM32\POWRPROF.dll
0x00007ffe09a00000 - 0x00007ffe09a36000 	C:\WINDOWS\SYSTEM32\WINMM.dll
0x00007ffe0d460000 - 0x00007ffe0d46b000 	C:\WINDOWS\SYSTEM32\VERSION.dll
0x00007ffe18c50000 - 0x00007ffe18c64000 	C:\WINDOWS\SYSTEM32\UMPDC.dll
0x00007ffe18160000 - 0x00007ffe1817b000 	C:\WINDOWS\SYSTEM32\kernel.appcore.dll
0x00007ffe0f5c0000 - 0x00007ffe0f5ca000 	C:\Users\User\.jdks\openjdk-23.0.2\bin\jimage.dll
0x00007ffe16aa0000 - 0x00007ffe16ce2000 	C:\WINDOWS\SYSTEM32\DBGHELP.DLL
0x00007ffe1ae10000 - 0x00007ffe1b193000 	C:\WINDOWS\System32\combase.dll
0x00007ffe1b370000 - 0x00007ffe1b449000 	C:\WINDOWS\System32\OLEAUT32.dll
0x00007ffde1ec0000 - 0x00007ffde1efb000 	C:\WINDOWS\SYSTEM32\dbgcore.DLL
0x00007ffe19690000 - 0x00007ffe19738000 	C:\WINDOWS\System32\bcryptPrimitives.dll
0x00007ffde2240000 - 0x00007ffde224f000 	C:\Users\User\.jdks\openjdk-23.0.2\bin\instrument.dll
0x00007ffddfb50000 - 0x00007ffddfb6e000 	C:\Users\User\.jdks\openjdk-23.0.2\bin\java.dll
0x00007ffe1b450000 - 0x00007ffe1b5e8000 	C:\WINDOWS\System32\ole32.dll
0x00007ffe1a540000 - 0x00007ffe1acc4000 	C:\WINDOWS\System32\SHELL32.dll
0x00007ffe16f90000 - 0x00007ffe17810000 	C:\WINDOWS\SYSTEM32\windows.storage.dll
0x00007ffe1a440000 - 0x00007ffe1a536000 	C:\WINDOWS\System32\SHCORE.dll
0x00007ffe1a290000 - 0x00007ffe1a2f7000 	C:\WINDOWS\System32\shlwapi.dll
0x00007ffe19330000 - 0x00007ffe19359000 	C:\WINDOWS\SYSTEM32\profapi.dll
0x00007ffd8ec20000 - 0x00007ffd8ecf7000 	C:\Users\User\.jdks\openjdk-23.0.2\bin\jsvml.dll
0x00007ffdd8be0000 - 0x00007ffdd8bf7000 	C:\Users\User\.jdks\openjdk-23.0.2\bin\zip.dll
0x00007ffddfef0000 - 0x00007ffddff00000 	C:\Users\User\.jdks\openjdk-23.0.2\bin\net.dll
0x00007ffe186b0000 - 0x00007ffe1871c000 	C:\WINDOWS\system32\mswsock.dll
0x00007ffdded50000 - 0x00007ffdded66000 	C:\Users\User\.jdks\openjdk-23.0.2\bin\nio.dll
0x00007ffddfd00000 - 0x00007ffddfd09000 	C:\Users\User\.jdks\openjdk-23.0.2\bin\extnet.dll
0x00007ffde2230000 - 0x00007ffde223e000 	C:\Users\User\.jdks\openjdk-23.0.2\bin\sunmscapi.dll
0x00007ffe19ce0000 - 0x00007ffe19e58000 	C:\WINDOWS\System32\CRYPT32.dll
0x00007ffe18d30000 - 0x00007ffe18d60000 	C:\WINDOWS\SYSTEM32\ncrypt.dll
0x00007ffe18ce0000 - 0x00007ffe18d1f000 	C:\WINDOWS\SYSTEM32\NTASN1.dll

dbghelp: loaded successfully - version: 4.0.5 - missing functions: none
symbol engine: initialized successfully - sym options: 0x614 - pdb path: .;C:\Users\User\.jdks\openjdk-23.0.2\bin;C:\WINDOWS\SYSTEM32;C:\WINDOWS\WinSxS\amd64_microsoft.windows.common-controls_6595b64144ccf1df_6.0.26100.8521_none_3e08b75ce33403b3;C:\Users\User\.jdks\openjdk-23.0.2\bin\server

VM Arguments:
jvm_args: -javaagent:C:\Program Files\JetBrains\IntelliJ IDEA Community Edition 2024.3.5\lib\idea_rt.jar=11821 -Dfile.encoding=UTF-8 -Dsun.stdout.encoding=UTF-8 -Dsun.stderr.encoding=UTF-8 
java_command: com.example.notificationservice.NotificationserviceApplication
java_class_path (initial): C:\Users\User\Desktop\project - Copy\notificationservice\target\classes;C:\Users\User\.m2\repository\org\springframework\boot\spring-boot-starter-data-jpa\4.1.0\spring-boot-starter-data-jpa-4.1.0.jar;C:\Users\User\.m2\repository\org\springframework\boot\spring-boot-starter\4.1.0\spring-boot-starter-4.1.0.jar;C:\Users\User\.m2\repository\org\springframework\boot\spring-boot-starter-logging\4.1.0\spring-boot-starter-logging-4.1.0.jar;C:\Users\User\.m2\repository\ch\qos\logback\logback-classic\1.5.34\logback-classic-1.5.34.jar;C:\Users\User\.m2\repository\ch\qos\logback\logback-core\1.5.34\logback-core-1.5.34.jar;C:\Users\User\.m2\repository\org\apache\logging\log4j\log4j-to-slf4j\2.25.4\log4j-to-slf4j-2.25.4.jar;C:\Users\User\.m2\repository\org\apache\logging\log4j\log4j-api\2.25.4\log4j-api-2.25.4.jar;C:\Users\User\.m2\repository\org\slf4j\jul-to-slf4j\2.0.18\jul-to-slf4j-2.0.18.jar;C:\Users\User\.m2\repository\org\springframework\boot\spring-boot-autoconfigure\4.1.0\spring-boot-autoconfigure-4.1.0.jar;C:\Users\User\.m2\repository\jakarta\annotation\jakarta.annotation-api\3.0.0\jakarta.annotation-api-3.0.0.jar;C:\Users\User\.m2\repository\org\yaml\snakeyaml\2.6\snakeyaml-2.6.jar;C:\Users\User\.m2\repository\org\springframework\boot\spring-boot-starter-jdbc\4.1.0\spring-boot-starter-jdbc-4.1.0.jar;C:\Users\User\.m2\repository\com\zaxxer\HikariCP\7.0.2\HikariCP-7.0.2.jar;C:\Users\User\.m2\repository\org\slf4j\slf4j-api\2.0.18\slf4j-api-2.0.18.jar;C:\Users\User\.m2\repository\org\springframework\boot\spring-boot-data-jpa\4.1.0\spring-boot-data-jpa-4.1.0.jar;C:\Users\User\.m2\repository\org\springframework\boot\spring-boot-data-commons\4.1.0\spring-boot-data-commons-4.1.0.jar;C:\Users\User\.m2\repository\org\springframework\boot\spring-boot-persistence\4.1.0\spring-boot-persistence-4.1.0.jar;C:\Users\User\.m2\repository\org\springframework\data\spring-data-commons\4.1.0\spring-data-commons-4.1.0.jar;C:\Users\User\.m2\repository\org\springframework\boot\spring-boot-hibernate\4.1.0\spring-boot-hibernate-4.1.0.jar;C:\Users\User\.m2\repository\org\springframework\boot\spring-boot-jpa\4.1.0\spring-boot-jpa-4.1.0.jar;C:\Users\User\.m2\repository\jakarta\persistence\jakarta.persistence-api\3.2.0\jakarta.persistence-api-3.2.0.jar;C:\Users\User\.m2\repository\org\hibernate\orm\hibernate-core\7.4.1.Final\hibernate-core-7.4.1.Final.jar;C:\Users\User\.m2\repository\jakarta\transaction\jakarta.transaction-api\2.0.1\jakarta.transaction-api-2.0.1.jar;C:\Users\User\.m2\repository\org\jboss\logging\jboss-logging\3.6.3.Final\jboss-logging-3.6.3.Final.jar;C:\Users\User\.m2\repository\org\hibernate\models\hibernate-models\1.1.1\hibernate-models-1.1.1.jar;C:\Users\User\.m2\repository\org\glassfish\jaxb\jaxb-runtime\4.0.9\jaxb-runtime-4.0.9.jar;C:\Users\User\.m2\repository\org\glassfish\jaxb\jaxb-core\4.0.9\jaxb-core-4.0.9.jar;C:\Users\User\.m2\repository\org\eclipse\angus\angus-activation\2.0.3\angus-activation-2.0.3.jar;C:\Users\User\.m2\repository\org\glassfish\jaxb\txw2\4.0.9\txw2-4.0.9.jar;C:\Users\User\.m2\repository\com\sun\istack\istack-commons-runtime\4.1.2\istack-commons-runtime-4.1.2.jar;C:\Users\User\.m2\repository\jakarta\inject\jakarta.inject-api\2.0.1\jakarta.inject-api-2.0.1.jar;C:\Users\User\.m2\repository\org\springframework\spring-orm\7.0.8\spring-orm-7.0.8.jar;C:\Users\User\.m2\repository\org\springframework\data\spring-data-jpa\4.1.0\spring-data-jpa-4.1.0.jar;C:\Users\User\.m2\repository\org\springframework\spring-context\7.0.8\spring-context-7.0.8.jar;C:\Users\User\.m2\repository\org\springframework\spring-aop\7.0.8\spring-aop-7.0.8.jar;C:\Users\User\.m2\repository\org\springframework\spring-tx\7.0.8\spring-tx-7.0.8.jar;C:\Users\User\.m2\repository\org\springframework\spring-beans\7.0.8\spring-beans-7.0.8.jar;C:\Users\User\.m2\repository\org\antlr\antlr4-runtime\4.13.2\antlr4-runtime-4.13.2.jar;C:\Users\User\.m2\repository\org\springframework\spring-aspects\7.0.8\spring-aspects-7.0.8.jar;C:\Users\User\.m2\repository\org\aspectj\aspectjweaver\1.9.25.1\aspectjweaver-1.9.25.1.jar;C:\Users\User\.m2\repository\org\springframework\boot\spring-boot-jdbc\4.1.0\spring-boot-jdbc-4.1.0.jar;C:\Users\User\.m2\repository\org\springframework\boot\spring-boot\4.1.0\spring-boot-4.1.0.jar;C:\Users\User\.m2\repository\org\springframework\boot\spring-boot-sql\4.1.0\spring-boot-sql-4.1.0.jar;C:\Users\User\.m2\repository\org\springframework\boot\spring-boot-transaction\4.1.0\spring-boot-transaction-4.1.0.jar;C:\Users\User\.m2\repository\org\springframework\spring-jdbc\7.0.8\spring-jdbc-7.0.8.jar;C:\Users\User\.m2\repository\org\springframework\boot\spring-boot-starter-webmvc\4.1.0\spring-boot-starter-webmvc-4.1.0.jar;C:\Users\User\.m2\repository\org\springframework\boot\spring-boot-starter-jackson\4.1.0\spring-boot-starter-jackson-4.1.0.jar;C:\Users\User\.m2\repository\org\springframework\boot\spring-boot-jackson\4.1.0\spring-boot-jackson-4.1.0.jar;C:\Users\User\.m2\repository\tools\jackson\core\jackson-databind\3.1.4\jackson-databind-3.1.4.jar;C:\Users\User\.m2\repository\com\fasterxml\jackson\core\jackson-annotations\2.21\jackson-annotations-2.21.jar;C:\Users\User\.m2\repository\tools\jackson\core\jackson-core\3.1.4\jackson-core-3.1.4.jar;C:\Users\User\.m2\repository\org\springframework\boot\spring-boot-starter-tomcat\4.1.0\spring-boot-starter-tomcat-4.1.0.jar;C:\Users\User\.m2\repository\org\springframework\boot\spring-boot-starter-tomcat-runtime\4.1.0\spring-boot-starter-tomcat-runtime-4.1.0.jar;C:\Users\User\.m2\repository\org\apache\tomcat\embed\tomcat-embed-core\11.0.22\tomcat-embed-core-11.0.22.jar;C:\Users\User\.m2\repository\org\apache\tomcat\embed\tomcat-embed-el\11.0.22\tomcat-embed-el-11.0.22.jar;C:\Users\User\.m2\repository\org\apache\tomcat\embed\tomcat-embed-websocket\11.0.22\tomcat-embed-websocket-11.0.22.jar;C:\Users\User\.m2\repository\org\springframework\boot\spring-boot-tomcat\4.1.0\spring-boot-tomcat-4.1.0.jar;C:\Users\User\.m2\repository\org\springframework\boot\spring-boot-http-converter\4.1.0\spring-boot-http-converter-4.1.0.jar;C:\Users\User\.m2\repository\org\springframework\spring-web\7.0.8\spring-web-7.0.8.jar;C:\Users\User\.m2\repository\io\micrometer\micrometer-observation\1.17.0\micrometer-observation-1.17.0.jar;C:\Users\User\.m2\repository\io\micrometer\micrometer-commons\1.17.0\micrometer-commons-1.17.0.jar;C:\Users\User\.m2\repository\org\springframework\boot\spring-boot-webmvc\4.1.0\spring-boot-webmvc-4.1.0.jar;C:\Users\User\.m2\repository\org\springframework\boot\spring-boot-servlet\4.1.0\spring-boot-servlet-4.1.0.jar;C:\Users\User\.m2\repository\org\springframework\spring-webmvc\7.0.8\spring-webmvc-7.0.8.jar;C:\Users\User\.m2\repository\org\springframework\spring-expression\7.0.8\spring-expression-7.0.8.jar;C:\Users\User\.m2\repository\com\mysql\mysql-connector-j\9.7.0\mysql-connector-j-9.7.0.jar;C:\Users\User\.m2\repository\org\projectlombok\lombok\1.18.46\lombok-1.18.46.jar;C:\Users\User\.m2\repository\jakarta\xml\bind\jakarta.xml.bind-api\4.0.5\jakarta.xml.bind-api-4.0.5.jar;C:\Users\User\.m2\repository\jakarta\activation\jakarta.activation-api\2.1.4\jakarta.activation-api-2.1.4.jar;C:\Users\User\.m2\repository\net\bytebuddy\byte-buddy\1.18.10\byte-buddy-1.18.10.jar;C:\Users\User\.m2\repository\org\springframework\spring-core\7.0.8\spring-core-7.0.8.jar;C:\Users\User\.m2\repository\commons-logging\commons-logging\1.3.6\commons-logging-1.3.6.jar;C:\Users\User\.m2\repository\org\jspecify\jspecify\1.0.0\jspecify-1.0.0.jar;C:\Users\User\.m2\repository\org\springframework\boot\spring-boot-web-server\4.1.0\spring-boot-web-server-4.1.0.jar
Launcher Type: SUN_STANDARD

[Global flags]
     intx CICompilerCount                          = 4                                         {product} {ergonomic}
     uint ConcGCThreads                            = 3                                         {product} {ergonomic}
     uint G1ConcRefinementThreads                  = 10                                        {product} {ergonomic}
   size_t G1HeapRegionSize                         = 2097152                                   {product} {ergonomic}
   size_t InitialHeapSize                          = 264241152                                 {product} {ergonomic}
   size_t MarkStackSize                            = 4194304                                   {product} {ergonomic}
   size_t MarkStackSizeMax                         = 536870912                                 {product} {ergonomic}
   size_t MaxHeapSize                              = 4217372672                                {product} {ergonomic}
   size_t MaxNewSize                               = 2529165312                                {product} {ergonomic}
   size_t MinHeapDeltaBytes                        = 2097152                                   {product} {ergonomic}
   size_t MinHeapSize                              = 8388608                                   {product} {ergonomic}
    uintx NonNMethodCodeHeapSize                   = 5832704                                {pd product} {ergonomic}
    uintx NonProfiledCodeHeapSize                  = 122945536                              {pd product} {ergonomic}
    uintx ProfiledCodeHeapSize                     = 122880000                              {pd product} {ergonomic}
    uintx ReservedCodeCacheSize                    = 251658240                              {pd product} {ergonomic}
     bool SegmentedCodeCache                       = true                                      {product} {ergonomic}
   size_t SoftMaxHeapSize                          = 4217372672                             {manageable} {ergonomic}
     bool UseCompressedOops                        = true                           {product lp64_product} {ergonomic}
     bool UseG1GC                                  = true                                      {product} {ergonomic}
     bool UseLargePagesIndividualAllocation        = false                                  {pd product} {ergonomic}

Logging:
Log output configuration:
 #0: stdout all=warning uptime,level,tags foldmultilines=false
 #1: stderr all=off uptime,level,tags foldmultilines=false

Environment Variables:
PATH=C:\oraclexe\app\oracle\product\11.2.0\server\bin;;C:\Program Files\Common Files\Oracle\Java\javapath;C:\Windows\system32;C:\Windows;C:\Windows\System32\Wbem;C:\Windows\System32\WindowsPowerShell\v1.0\;C:\Windows\System32\OpenSSH\;C:\Program Files (x86)\NVIDIA Corporation\PhysX\Common;C:\Program Files\nodejs\;C:\WINDOWS\system32;C:\WINDOWS;C:\WINDOWS\System32\Wbem;C:\WINDOWS\System32\WindowsPowerShell\v1.0\;C:\WINDOWS\System32\OpenSSH\;C:\Program Files\Git\cmd;C:\Program Files\Java\jdk-24\bin;;C:\Program Files\NVIDIA Corporation\NVIDIA App\NvDLISR;C:\Program Files\Cloudflare\Cloudflare WARP\;C:\Program Files\dotnet\;C:\Users\User\AppData\Local\Microsoft\WindowsApps;C:\Program Files\Java\jdk-23\bin;C:\Users\User\AppData\Local\Programs\Microsoft VS Code\bin;C:\Users\User\AppData\Roaming\npm;C:\MinGW\bin;C:\Users\User\AppData\Local\Python\bin;C:\Users\User\.dotnet\tools;C:\Users\User\AppData\Local\Programs\Antigravity\bin;C:\Users\User\AppData\Local\Programs\Antigravity IDE\bin;C:\Users\User\AppData\Local\GitHubDesktop\bin
USERNAME=User
OS=Windows_NT
PROCESSOR_IDENTIFIER=Intel64 Family 6 Model 186 Stepping 2, GenuineIntel
TMP=C:\Users\User\AppData\Local\Temp
TEMP=C:\Users\User\AppData\Local\Temp




Periodic native trim disabled

---------------  S Y S T E M  ---------------

OS:
 Windows 11 , 64 bit Build 26100 (10.0.26100.8521)
OS uptime: 4 days 5:58 hours
Hyper-V role detected

CPU: total 12 (initial active 12) (6 cores per cpu, 2 threads per core) family 6 model 186 stepping 2 microcode 0x410e, cx8, cmov, fxsr, ht, mmx, 3dnowpref, sse, sse2, sse3, ssse3, sse4.1, sse4.2, popcnt, lzcnt, tsc, tscinvbit, avx, avx2, aes, erms, clmul, bmi1, bmi2, adx, sha, fma, vzeroupper, clflush, clflushopt, clwb, hv, serialize, rdtscp, rdpid, fsrm, gfni, f16c, cet_ibt, cet_ss
Processor Information for processor 0
  Max Mhz: 2100, Current Mhz: 2100, Mhz Limit: 2100
Processor Information for processor 1
  Max Mhz: 2100, Current Mhz: 2100, Mhz Limit: 2100
Processor Information for processor 2
  Max Mhz: 2100, Current Mhz: 2100, Mhz Limit: 2100
Processor Information for processor 3
  Max Mhz: 2100, Current Mhz: 2100, Mhz Limit: 2100
Processor Information for processor 4
  Max Mhz: 2100, Current Mhz: 2100, Mhz Limit: 2100
Processor Information for processor 5
  Max Mhz: 2100, Current Mhz: 2100, Mhz Limit: 2100
Processor Information for processor 6
  Max Mhz: 2100, Current Mhz: 2100, Mhz Limit: 2100
Processor Information for processor 7
  Max Mhz: 2100, Current Mhz: 2100, Mhz Limit: 2100
Processor Information for processor 8
  Max Mhz: 2100, Current Mhz: 1540, Mhz Limit: 2100
Processor Information for processor 9
  Max Mhz: 2100, Current Mhz: 1540, Mhz Limit: 2100
Processor Information for processor 10
  Max Mhz: 2100, Current Mhz: 1540, Mhz Limit: 2100
Processor Information for processor 11
  Max Mhz: 2100, Current Mhz: 2100, Mhz Limit: 2100

Memory: 4k page, system-wide physical 16087M (1238M free)
TotalPageFile size 28493M (AvailPageFile size 3M)
current process WorkingSet (physical memory assigned to process): 127M, peak: 131M
current process commit charge ("private bytes"): 391M, peak: 396M

vm_info: OpenJDK 64-Bit Server VM (23.0.2+7-58) for windows-amd64 JRE (23.0.2+7-58), built on 2024-11-29T09:34:55Z with MS VC++ 17.6 (VS2022)

END.
